{"/home/lucas/Documentos/projects/mobile-tests/src/components/login.component.tsx": {"path":"/home/lucas/Documentos/projects/mobile-tests/src/components/login.component.tsx","statementMap":{"0":{"start":{"line":20,"column":28},"end":{"line":20,"column":40}},"1":{"start":{"line":21,"column":34},"end":{"line":21,"column":46}},"2":{"start":{"line":24,"column":4},"end":{"line":27,"column":5}},"3":{"start":{"line":25,"column":6},"end":{"line":25,"column":35}},"4":{"start":{"line":26,"column":6},"end":{"line":26,"column":36}},"5":{"start":{"line":30,"column":2},"end":{"line":60,"column":4}},"6":{"start":{"line":38,"column":34},"end":{"line":38,"column":48}},"7":{"start":{"line":48,"column":34},"end":{"line":48,"column":51}},"8":{"start":{"line":63,"column":15},"end":{"line":76,"column":2}}},"fnMap":{"0":{"name":"LoginComponent","decl":{"start":{"line":19,"column":16},"end":{"line":19,"column":30}},"loc":{"start":{"line":19,"column":57},"end":{"line":61,"column":1}},"line":19},"1":{"name":"handleSubmit","decl":{"start":{"line":23,"column":11},"end":{"line":23,"column":23}},"loc":{"start":{"line":23,"column":26},"end":{"line":28,"column":3}},"line":23},"2":{"name":"(anonymous_2)","decl":{"start":{"line":38,"column":24},"end":{"line":38,"column":25}},"loc":{"start":{"line":38,"column":34},"end":{"line":38,"column":48}},"line":38},"3":{"name":"(anonymous_3)","decl":{"start":{"line":48,"column":24},"end":{"line":48,"column":25}},"loc":{"start":{"line":48,"column":34},"end":{"line":48,"column":51}},"line":48}},"branchMap":{"0":{"loc":{"start":{"line":24,"column":4},"end":{"line":27,"column":5}},"type":"if","locations":[{"start":{"line":24,"column":4},"end":{"line":27,"column":5}},{"start":{},"end":{}}],"line":24},"1":{"loc":{"start":{"line":24,"column":8},"end":{"line":24,"column":25}},"type":"binary-expr","locations":[{"start":{"line":24,"column":8},"end":{"line":24,"column":13}},{"start":{"line":24,"column":17},"end":{"line":24,"column":25}}],"line":24}},"s":{"0":3,"1":3,"2":1,"3":1,"4":1,"5":3,"6":1,"7":1,"8":1},"f":{"0":3,"1":1,"2":1,"3":1},"b":{"0":[1,0],"1":[1,1]},"_coverageSchema":"1a1c01bbd47fc00a2c39e90264f33305004495a9","hash":"65247dbbe8e8e32b78a9c3b724e051b21c4a03e1"}
}
